<?xml version="1.0" encoding="UTF-8"?>
<testsuite name="org.fl1s.cicd.GithubCicdActionsApplicationTests" tests="1" skipped="0" failures="0" errors="0" timestamp="2024-12-22T07:36:54" hostname="Maxwell.local" time="0.485">
  <properties/>
  <testcase name="contextLoads()" classname="org.fl1s.cicd.GithubCicdActionsApplicationTests" time="0.485"/>
  <system-out><![CDATA[14:36:53.694 [Test worker] INFO org.springframework.test.context.support.AnnotationConfigContextLoaderUtils -- Could not detect default configuration classes for test class [org.fl1s.cicd.GithubCicdActionsApplicationTests]: GithubCicdActionsApplicationTests does not declare any static, non-private, non-final, nested classes annotated with @Configuration.
14:36:53.746 [Test worker] INFO org.springframework.boot.test.context.SpringBootTestContextBootstrapper -- Found @SpringBootConfiguration org.fl1s.GithubCicdActionsApplication for test class org.fl1s.cicd.GithubCicdActionsApplicationTests

  .   ____          _            __ _ _
 /\\ / ___'_ __ _ _(_)_ __  __ _ \ \ \ \
( ( )\___ | '_ | '_| | '_ \/ _` | \ \ \ \
 \\/  ___)| |_)| | | | | || (_| |  ) ) ) )
  '  |____| .__|_| |_|_| |_\__, | / / / /
 =========|_|==============|___/=/_/_/_/

 :: Spring Boot ::                (v3.4.1)

2024-12-22T14:36:53.943+07:00  INFO 15620 --- [github-cicd-actions] [    Test worker] o.f.c.GithubCicdActionsApplicationTests  : Starting GithubCicdActionsApplicationTests using Java 21.0.5 with PID 15620 (started by Makss in /Users/Makss/Documents/GitHub/github-actions-practice)
2024-12-22T14:36:53.944+07:00  INFO 15620 --- [github-cicd-actions] [    Test worker] o.f.c.GithubCicdActionsApplicationTests  : No active profile set, falling back to 1 default profile: "default"
2024-12-22T14:36:54.439+07:00  INFO 15620 --- [github-cicd-actions] [    Test worker] o.f.c.GithubCicdActionsApplicationTests  : Started GithubCicdActionsApplicationTests in 0.611 seconds (process running for 1.221)
]]></system-out>
  <system-err><![CDATA[Mockito is currently self-attaching to enable the inline-mock-maker. This will no longer work in future releases of the JDK. Please add Mockito as an agent to your build what is described in Mockito's documentation: https://javadoc.io/doc/org.mockito/mockito-core/latest/org/mockito/Mockito.html#0.3
WARNING: A Java agent has been loaded dynamically (/Users/Makss/.gradle/caches/modules-2/files-2.1/net.bytebuddy/byte-buddy-agent/1.15.11/a38b16385e867f59a641330f0362ebe742788ed8/byte-buddy-agent-1.15.11.jar)
WARNING: If a serviceability tool is in use, please run with -XX:+EnableDynamicAgentLoading to hide this warning
WARNING: If a serviceability tool is not in use, please run with -Djdk.instrument.traceUsage for more information
WARNING: Dynamic loading of agents will be disallowed by default in a future release
]]></system-err>
</testsuite>
