<?xml version="1.0" encoding="UTF-8"?>
<testsuite name="org.fl1s.cicd.GithubCicdActionsApplicationTests" tests="1" skipped="0" failures="0" errors="0" timestamp="2024-12-22T06:16:49" hostname="Maxwell.local" time="0.416">
  <properties/>
  <testcase name="contextLoads()" classname="org.fl1s.cicd.GithubCicdActionsApplicationTests" time="0.416"/>
  <system-out><![CDATA[13:16:48.207 [Test worker] INFO org.springframework.test.context.support.AnnotationConfigContextLoaderUtils -- Could not detect default configuration classes for test class [org.fl1s.cicd.GithubCicdActionsApplicationTests]: GithubCicdActionsApplicationTests does not declare any static, non-private, non-final, nested classes annotated with @Configuration.
13:16:48.282 [Test worker] INFO org.springframework.boot.test.context.SpringBootTestContextBootstrapper -- Found @SpringBootConfiguration org.fl1s.GithubCicdActionsApplication for test class org.fl1s.cicd.GithubCicdActionsApplicationTests

  .   ____          _            __ _ _
 /\\ / ___'_ __ _ _(_)_ __  __ _ \ \ \ \
( ( )\___ | '_ | '_| | '_ \/ _` | \ \ \ \
 \\/  ___)| |_)| | | | | || (_| |  ) ) ) )
  '  |____| .__|_| |_|_| |_\__, | / / / /
 =========|_|==============|___/=/_/_/_/

 :: Spring Boot ::                (v3.4.1)

2024-12-22T13:16:48.486+07:00  INFO 14613 --- [github-cicd-actions] [    Test worker] o.f.c.GithubCicdActionsApplicationTests  : Starting GithubCicdActionsApplicationTests using Java 17.0.11 with PID 14613 (started by Makss in /Users/Makss/Documents/GitHub/github-actions-practice)
2024-12-22T13:16:48.486+07:00  INFO 14613 --- [github-cicd-actions] [    Test worker] o.f.c.GithubCicdActionsApplicationTests  : No active profile set, falling back to 1 default profile: "default"
2024-12-22T13:16:48.996+07:00  INFO 14613 --- [github-cicd-actions] [    Test worker] o.f.c.GithubCicdActionsApplicationTests  : Started GithubCicdActionsApplicationTests in 0.628 seconds (process running for 1.301)
]]></system-out>
  <system-err><![CDATA[]]></system-err>
</testsuite>
